--------------------------------------------------
Commit and push failed, will try to merge.
Get latest from Repository
Remote repo has these Configurations added:
--------------------------------------------------
Automatically importing configurations
This export was done 2024-11-11 14:33:20
at host MZ_9219 by julia@DR.
Import started at 2024-11-11 14:39:29
Input source is Workflow
--------------------------------------------------
[Configuration/Workflow] - Importing DTAG.WFL_Git.
--------------------------------------------------
Revalidating affected configurations
--------------------------------------------------
Import finished at 2024-11-11 14:39:32
Export started at 2024-11-11 22:41:40
Output target is (mzexport / main) /Workflow/Configuration/DTAG/Workflow
--------------------------------------------------
[Configuration/DTAG/Workflow] - Exporting DTAG.WFL_Git
--------------------------------------------------
Export finished at 2024-11-11 22:41:40
